e:\uad\6to\compiladores2017\compiladores\x64\debug\vc140.pdb
e:\uad\6to\compiladores2017\compiladores\x64\debug\main.obj
e:\uad\6to\compiladores2017\compiladores\x64\debug\moc_compiladores.obj
e:\uad\6to\compiladores2017\compiladores\x64\debug\ctokenizer.obj
e:\uad\6to\compiladores2017\compiladores\x64\debug\compiladores.obj
e:\uad\6to\compiladores2017\compiladores\x64\debug\clopendimensionoperator.obj
e:\uad\6to\compiladores2017\compiladores\x64\debug\clnumberint.obj
e:\uad\6to\compiladores2017\compiladores\x64\debug\clnumberfloat.obj
e:\uad\6to\compiladores2017\compiladores\x64\debug\clnone.obj
e:\uad\6to\compiladores2017\compiladores\x64\debug\cllogicoperators.obj
e:\uad\6to\compiladores2017\compiladores\x64\debug\clid.obj
e:\uad\6to\compiladores2017\compiladores\x64\debug\clgroupoperators.obj
e:\uad\6to\compiladores2017\compiladores\x64\debug\clexicalanalysis.obj
e:\uad\6to\compiladores2017\compiladores\x64\debug\cldelimiters.obj
e:\uad\6to\compiladores2017\compiladores\x64\debug\clconstantalfanumeric.obj
e:\uad\6to\compiladores2017\compiladores\x64\debug\clcomments.obj
e:\uad\6to\compiladores2017\compiladores\x64\debug\clclosedimensionoperator.obj
e:\uad\6to\compiladores2017\compiladores\x64\debug\classign.obj
e:\uad\6to\compiladores2017\compiladores\x64\debug\claritmeticoperators.obj
e:\uad\6to\compiladores2017\compiladores\x64\debug\cerrorhandler.obj
e:\uad\6to\compiladores2017\compiladores\x64\debug\qrc_compiladores.obj
e:\uad\6to\compiladores2017\compiladores\x64\debug\csyntacticanalysis.obj
e:\uad\6to\compiladores2017\compiladores\x64\debug\csvar.obj
e:\uad\6to\compiladores2017\compiladores\x64\debug\clrelacionaloperators.obj
e:\uad\6to\compiladores2017\compiladores\x64\debug\csprogram.obj
e:\uad\6to\compiladores2017\compiladores\x64\debug\csprocess.obj
e:\uad\6to\compiladores2017\compiladores\x64\debug\csmain.obj
e:\uad\6to\compiladores2017\compiladores\x64\debug\csfunction.obj
e:\uad\6to\compiladores2017\compiladores\x64\debug\nodesvars.obj
e:\uad\6to\compiladores2017\compiladores\generatedfiles\debug\moc_compiladores.cpp
e:\uad\6to\compiladores2017\compiladores\generatedfiles\ui_compiladores.h
e:\uad\6to\compiladores2017\compiladores\generatedfiles\qrc_compiladores.cpp
e:\uad\6to\compiladores2017\x64\debug\compiladores.pdb
e:\uad\6to\compiladores2017\compiladores\x64\debug\compiladores.tlog\cl.command.1.tlog
e:\uad\6to\compiladores2017\compiladores\x64\debug\compiladores.tlog\cl.read.1.tlog
e:\uad\6to\compiladores2017\compiladores\x64\debug\compiladores.tlog\cl.write.1.tlog
e:\uad\6to\compiladores2017\compiladores\x64\debug\compiladores.tlog\custombuild.command.1.tlog
e:\uad\6to\compiladores2017\compiladores\x64\debug\compiladores.tlog\custombuild.read.1.tlog
e:\uad\6to\compiladores2017\compiladores\x64\debug\compiladores.tlog\custombuild.write.1.tlog
e:\uad\6to\compiladores2017\compiladores\x64\debug\compiladores.tlog\link-cvtres.read.1.tlog
e:\uad\6to\compiladores2017\compiladores\x64\debug\compiladores.tlog\link-cvtres.write.1.tlog
e:\uad\6to\compiladores2017\compiladores\x64\debug\compiladores.tlog\link-rc.read.1.tlog
e:\uad\6to\compiladores2017\compiladores\x64\debug\compiladores.tlog\link-rc.write.1.tlog
e:\uad\6to\compiladores2017\compiladores\x64\debug\compiladores.tlog\link.14740-cvtres.read.1.tlog
e:\uad\6to\compiladores2017\compiladores\x64\debug\compiladores.tlog\link.14740-cvtres.write.1.tlog
e:\uad\6to\compiladores2017\compiladores\x64\debug\compiladores.tlog\link.14740-rc.read.1.tlog
e:\uad\6to\compiladores2017\compiladores\x64\debug\compiladores.tlog\link.14740-rc.write.1.tlog
e:\uad\6to\compiladores2017\compiladores\x64\debug\compiladores.tlog\link.14740.read.1.tlog
e:\uad\6to\compiladores2017\compiladores\x64\debug\compiladores.tlog\link.14740.write.1.tlog
e:\uad\6to\compiladores2017\compiladores\x64\debug\compiladores.tlog\link.command.1.tlog
e:\uad\6to\compiladores2017\compiladores\x64\debug\compiladores.tlog\link.read.1.tlog
e:\uad\6to\compiladores2017\compiladores\x64\debug\compiladores.tlog\link.write.1.tlog
