  Moc'ing compiladores.h...
  Uic'ing compiladores.ui...
  Rcc'ing compiladores.qrc...
RCC : warning : No resources in 'C:\Users\blueMonkey\Documents\Compiladores2017\Compiladores\compiladores.qrc'.
  
  CErrorHandler.cpp
  CLAritmeticOperators.cpp
  CLAssign.cpp
  CLCloseDimensionOperator.cpp
  CLComments.cpp
  CLConstantAlfanumeric.cpp
  CLDelimiters.cpp
  CLexicalAnalysis.cpp
  CLGroupOperators.cpp
  CLId.cpp
  CLLogicOperators.cpp
  CLNone.cpp
  CLNumberFloat.cpp
  CLNumberInt.cpp
  CLOpenDimensionOperator.cpp
  CLRelacionalOperators.cpp
  compiladores.cpp
  CSAssign.cpp
  CSBlock.cpp
  CSCondition.cpp
  Generating Code...
  Compiling...
  CSemanticAnalysis.cpp
  CSemAssign.cpp
  CSemBlock.cpp
  CSemCondition.cpp
  CSemExpression.cpp
  CSemFor.cpp
  CSemFunction.cpp
  CSemIf.cpp
  CSemProcess.cpp
  CSemProgram.cpp
  CSemSwitch.cpp
  CSemTerm.cpp
  CSemVar.cpp
  CSExpression.cpp
  CSFor.cpp
  CSFunction.cpp
  CSIf.cpp
  CSMain.cpp
  CSProcess.cpp
  CSProgram.cpp
  Generating Code...
c:\users\bluemonkey\documents\compiladores2017\compiladores\csemfunction.cpp(23): warning C4715: 'CSemFunction::Evaluate': not all control paths return a value
  Compiling...
  CSSwitch.cpp
  CSTerm.cpp
  CSVar.cpp
  CSyntacticAnalysis.cpp
  CTokenizer.cpp
  moc_compiladores.cpp
  main.cpp
  NodesVars.cpp
  Generating Code...
  qrc_compiladores.cpp
  Compiladores.vcxproj -> C:\Users\blueMonkey\Documents\Compiladores2017\x64\Debug\Compiladores.exe
  Compiladores.vcxproj -> C:\Users\blueMonkey\Documents\Compiladores2017\x64\Debug\Compiladores.pdb (Full PDB)
